<?xml version="1.0" encoding="UTF-8"?>
<testng-results ignored="0" total="1" passed="1" failed="0" skipped="0">
  <reporter-output>
  </reporter-output>
  <suite started-at="2018-06-23T20:46:01Z" name="Default suite" finished-at="2018-06-23T20:46:30Z" duration-ms="29217">
    <groups>
    </groups>
    <test started-at="2018-06-23T20:46:01Z" name="Default test" finished-at="2018-06-23T20:46:30Z" duration-ms="29217">
      <class name="elixir_Login.Login_Test">
        <test-method is-config="true" signature="Ebrowser()[pri:0, instance:elixir_Login.Login_Test@5c671d7f]" started-at="2018-06-23T20:46:01Z" name="Ebrowser" finished-at="2018-06-23T20:46:18Z" duration-ms="16992" status="PASS">
          <reporter-output>
          </reporter-output>
        </test-method> <!-- Ebrowser -->
        <test-method signature="loginFun()[pri:0, instance:elixir_Login.Login_Test@5c671d7f]" started-at="2018-06-23T20:46:18Z" name="loginFun" finished-at="2018-06-23T20:46:30Z" duration-ms="12183" status="PASS">
          <reporter-output>
          </reporter-output>
        </test-method> <!-- loginFun -->
      </class> <!-- elixir_Login.Login_Test -->
    </test> <!-- Default test -->
  </suite> <!-- Default suite -->
</testng-results>
