<?xml version="1.0" encoding="UTF-8"?>
<testng-results ignored="1" total="2" passed="1" failed="0" skipped="0">
  <reporter-output>
  </reporter-output>
  <suite started-at="2018-06-26T19:13:50Z" name="Suite" finished-at="2018-06-26T19:13:50Z" duration-ms="98">
    <groups>
      <group name="hi">
        <method signature="GroupsTest.f()[pri:0, instance:webdriver.GroupsTest@2fd1433e]" name="f" class="webdriver.GroupsTest"/>
      </group> <!-- hi -->
    </groups>
    <test started-at="2018-06-26T19:13:50Z" name="Test" finished-at="2018-06-26T19:13:50Z" duration-ms="98">
      <class name="webdriver.GroupsTest">
        <test-method signature="f()[pri:0, instance:webdriver.GroupsTest@2fd1433e]" started-at="2018-06-26T19:13:50Z" name="f" finished-at="2018-06-26T19:13:50Z" duration-ms="32" status="PASS">
          <reporter-output>
          </reporter-output>
        </test-method> <!-- f -->
      </class> <!-- webdriver.GroupsTest -->
    </test> <!-- Test -->
  </suite> <!-- Suite -->
</testng-results>
