<?xml version="1.0" encoding="UTF-8"?>
<testng-results ignored="0" total="1" passed="1" failed="0" skipped="0">
  <reporter-output>
  </reporter-output>
  <suite started-at="2018-07-16T18:31:24Z" name="Default suite" finished-at="2018-07-16T18:31:35Z" duration-ms="10890">
    <groups>
    </groups>
    <test started-at="2018-07-16T18:31:24Z" name="Default test" finished-at="2018-07-16T18:31:35Z" duration-ms="10890">
      <class name="testng.ElixirTest">
        <test-method is-config="true" signature="beforeTest()[pri:0, instance:testng.ElixirTest@3514a4c0]" started-at="2018-07-16T18:31:24Z" name="beforeTest" finished-at="2018-07-16T18:31:33Z" duration-ms="9322" status="PASS">
          <reporter-output>
          </reporter-output>
        </test-method> <!-- beforeTest -->
        <test-method signature="f()[pri:0, instance:testng.ElixirTest@3514a4c0]" started-at="2018-07-16T18:31:33Z" name="f" finished-at="2018-07-16T18:31:34Z" duration-ms="800" status="PASS">
          <reporter-output>
          </reporter-output>
        </test-method> <!-- f -->
        <test-method is-config="true" signature="afterTest()[pri:0, instance:testng.ElixirTest@3514a4c0]" started-at="2018-07-16T18:31:34Z" name="afterTest" finished-at="2018-07-16T18:31:35Z" duration-ms="737" status="PASS">
          <reporter-output>
          </reporter-output>
        </test-method> <!-- afterTest -->
      </class> <!-- testng.ElixirTest -->
    </test> <!-- Default test -->
  </suite> <!-- Default suite -->
</testng-results>
